0 info it worked if it ends with ok
1 verbose cli [ 'C:\\Program Files\\nodejs\\\\node.exe',
1 verbose cli   'C:\\Program Files\\nodejs\\node_modules\\npm\\bin\\npm-cli.js',
1 verbose cli   'install' ]
2 info using npm@1.4.28
3 info using node@v0.10.33
4 verbose node symlink C:\Program Files\nodejs\\node.exe
5 warn package.json template-app@1.0.0 No description
6 warn package.json template-app@1.0.0 No repository field.
7 warn package.json template-app@1.0.0 No README data
8 verbose readDependencies using package.json deps
9 verbose install where, deps [ 'D:\\Technical\\Node.JS\\proexpressjs\\ch6',
9 verbose install   [ 'consolodate',
9 verbose install     'errorhandler',
9 verbose install     'express',
9 verbose install     'jade',
9 verbose install     'morgan',
9 verbose install     'swing',
9 verbose install     'serve-favicon' ] ]
10 info preinstall template-app@1.0.0
11 verbose readDependencies using package.json deps
12 verbose cache add [ 'consolodate@^0.10.0', null ]
13 verbose cache add name=undefined spec="consolodate@^0.10.0" args=["consolodate@^0.10.0",null]
14 verbose parsed url { protocol: null,
14 verbose parsed url   slashes: null,
14 verbose parsed url   auth: null,
14 verbose parsed url   host: null,
14 verbose parsed url   port: null,
14 verbose parsed url   hostname: null,
14 verbose parsed url   hash: null,
14 verbose parsed url   search: null,
14 verbose parsed url   query: null,
14 verbose parsed url   pathname: 'consolodate@^0.10.0',
14 verbose parsed url   path: 'consolodate@^0.10.0',
14 verbose parsed url   href: 'consolodate@^0.10.0' }
15 verbose cache add [ 'errorhandler@1.1.1', null ]
16 verbose cache add name=undefined spec="errorhandler@1.1.1" args=["errorhandler@1.1.1",null]
17 verbose parsed url { protocol: null,
17 verbose parsed url   slashes: null,
17 verbose parsed url   auth: null,
17 verbose parsed url   host: null,
17 verbose parsed url   port: null,
17 verbose parsed url   hostname: null,
17 verbose parsed url   hash: null,
17 verbose parsed url   search: null,
17 verbose parsed url   query: null,
17 verbose parsed url   pathname: 'errorhandler@1.1.1',
17 verbose parsed url   path: 'errorhandler@1.1.1',
17 verbose parsed url   href: 'errorhandler@1.1.1' }
18 verbose cache add [ 'express@4.8.1', null ]
19 verbose cache add name=undefined spec="express@4.8.1" args=["express@4.8.1",null]
20 verbose parsed url { protocol: null,
20 verbose parsed url   slashes: null,
20 verbose parsed url   auth: null,
20 verbose parsed url   host: null,
20 verbose parsed url   port: null,
20 verbose parsed url   hostname: null,
20 verbose parsed url   hash: null,
20 verbose parsed url   search: null,
20 verbose parsed url   query: null,
20 verbose parsed url   pathname: 'express@4.8.1',
20 verbose parsed url   path: 'express@4.8.1',
20 verbose parsed url   href: 'express@4.8.1' }
21 verbose cache add [ 'jade@1.5.0', null ]
22 verbose cache add name=undefined spec="jade@1.5.0" args=["jade@1.5.0",null]
23 verbose parsed url { protocol: null,
23 verbose parsed url   slashes: null,
23 verbose parsed url   auth: null,
23 verbose parsed url   host: null,
23 verbose parsed url   port: null,
23 verbose parsed url   hostname: null,
23 verbose parsed url   hash: null,
23 verbose parsed url   search: null,
23 verbose parsed url   query: null,
23 verbose parsed url   pathname: 'jade@1.5.0',
23 verbose parsed url   path: 'jade@1.5.0',
23 verbose parsed url   href: 'jade@1.5.0' }
24 verbose cache add [ 'morgan@1.2.2', null ]
25 verbose cache add name=undefined spec="morgan@1.2.2" args=["morgan@1.2.2",null]
26 verbose parsed url { protocol: null,
26 verbose parsed url   slashes: null,
26 verbose parsed url   auth: null,
26 verbose parsed url   host: null,
26 verbose parsed url   port: null,
26 verbose parsed url   hostname: null,
26 verbose parsed url   hash: null,
26 verbose parsed url   search: null,
26 verbose parsed url   query: null,
26 verbose parsed url   pathname: 'morgan@1.2.2',
26 verbose parsed url   path: 'morgan@1.2.2',
26 verbose parsed url   href: 'morgan@1.2.2' }
27 verbose cache add [ 'swing@^1.4.2', null ]
28 verbose cache add name=undefined spec="swing@^1.4.2" args=["swing@^1.4.2",null]
29 verbose parsed url { protocol: null,
29 verbose parsed url   slashes: null,
29 verbose parsed url   auth: null,
29 verbose parsed url   host: null,
29 verbose parsed url   port: null,
29 verbose parsed url   hostname: null,
29 verbose parsed url   hash: null,
29 verbose parsed url   search: null,
29 verbose parsed url   query: null,
29 verbose parsed url   pathname: 'swing@^1.4.2',
29 verbose parsed url   path: 'swing@^1.4.2',
29 verbose parsed url   href: 'swing@^1.4.2' }
30 verbose cache add [ 'serve-favicon@2.0.1', null ]
31 verbose cache add name=undefined spec="serve-favicon@2.0.1" args=["serve-favicon@2.0.1",null]
32 verbose parsed url { protocol: null,
32 verbose parsed url   slashes: null,
32 verbose parsed url   auth: null,
32 verbose parsed url   host: null,
32 verbose parsed url   port: null,
32 verbose parsed url   hostname: null,
32 verbose parsed url   hash: null,
32 verbose parsed url   search: null,
32 verbose parsed url   query: null,
32 verbose parsed url   pathname: 'serve-favicon@2.0.1',
32 verbose parsed url   path: 'serve-favicon@2.0.1',
32 verbose parsed url   href: 'serve-favicon@2.0.1' }
33 verbose cache add name="consolodate" spec="^0.10.0" args=["consolodate","^0.10.0"]
34 verbose parsed url { protocol: null,
34 verbose parsed url   slashes: null,
34 verbose parsed url   auth: null,
34 verbose parsed url   host: null,
34 verbose parsed url   port: null,
34 verbose parsed url   hostname: null,
34 verbose parsed url   hash: null,
34 verbose parsed url   search: null,
34 verbose parsed url   query: null,
34 verbose parsed url   pathname: '^0.10.0',
34 verbose parsed url   path: '^0.10.0',
34 verbose parsed url   href: '^0.10.0' }
35 verbose addNamed [ 'consolodate', '^0.10.0' ]
36 verbose addNamed [ null, '>=0.10.0-0 <0.11.0-0' ]
37 verbose cache add name="errorhandler" spec="1.1.1" args=["errorhandler","1.1.1"]
38 verbose parsed url { protocol: null,
38 verbose parsed url   slashes: null,
38 verbose parsed url   auth: null,
38 verbose parsed url   host: null,
38 verbose parsed url   port: null,
38 verbose parsed url   hostname: null,
38 verbose parsed url   hash: null,
38 verbose parsed url   search: null,
38 verbose parsed url   query: null,
38 verbose parsed url   pathname: '1.1.1',
38 verbose parsed url   path: '1.1.1',
38 verbose parsed url   href: '1.1.1' }
39 verbose addNamed [ 'errorhandler', '1.1.1' ]
40 verbose addNamed [ '1.1.1', '1.1.1' ]
41 verbose cache add name="express" spec="4.8.1" args=["express","4.8.1"]
42 verbose parsed url { protocol: null,
42 verbose parsed url   slashes: null,
42 verbose parsed url   auth: null,
42 verbose parsed url   host: null,
42 verbose parsed url   port: null,
42 verbose parsed url   hostname: null,
42 verbose parsed url   hash: null,
42 verbose parsed url   search: null,
42 verbose parsed url   query: null,
42 verbose parsed url   pathname: '4.8.1',
42 verbose parsed url   path: '4.8.1',
42 verbose parsed url   href: '4.8.1' }
43 verbose addNamed [ 'express', '4.8.1' ]
44 verbose addNamed [ '4.8.1', '4.8.1' ]
45 verbose cache add name="jade" spec="1.5.0" args=["jade","1.5.0"]
46 verbose parsed url { protocol: null,
46 verbose parsed url   slashes: null,
46 verbose parsed url   auth: null,
46 verbose parsed url   host: null,
46 verbose parsed url   port: null,
46 verbose parsed url   hostname: null,
46 verbose parsed url   hash: null,
46 verbose parsed url   search: null,
46 verbose parsed url   query: null,
46 verbose parsed url   pathname: '1.5.0',
46 verbose parsed url   path: '1.5.0',
46 verbose parsed url   href: '1.5.0' }
47 verbose addNamed [ 'jade', '1.5.0' ]
48 verbose addNamed [ '1.5.0', '1.5.0' ]
49 verbose cache add name="morgan" spec="1.2.2" args=["morgan","1.2.2"]
50 verbose parsed url { protocol: null,
50 verbose parsed url   slashes: null,
50 verbose parsed url   auth: null,
50 verbose parsed url   host: null,
50 verbose parsed url   port: null,
50 verbose parsed url   hostname: null,
50 verbose parsed url   hash: null,
50 verbose parsed url   search: null,
50 verbose parsed url   query: null,
50 verbose parsed url   pathname: '1.2.2',
50 verbose parsed url   path: '1.2.2',
50 verbose parsed url   href: '1.2.2' }
51 verbose addNamed [ 'morgan', '1.2.2' ]
52 verbose addNamed [ '1.2.2', '1.2.2' ]
53 verbose cache add name="swing" spec="^1.4.2" args=["swing","^1.4.2"]
54 verbose parsed url { protocol: null,
54 verbose parsed url   slashes: null,
54 verbose parsed url   auth: null,
54 verbose parsed url   host: null,
54 verbose parsed url   port: null,
54 verbose parsed url   hostname: null,
54 verbose parsed url   hash: null,
54 verbose parsed url   search: null,
54 verbose parsed url   query: null,
54 verbose parsed url   pathname: '^1.4.2',
54 verbose parsed url   path: '^1.4.2',
54 verbose parsed url   href: '^1.4.2' }
55 verbose addNamed [ 'swing', '^1.4.2' ]
56 verbose addNamed [ null, '>=1.4.2-0 <2.0.0-0' ]
57 verbose cache add name="serve-favicon" spec="2.0.1" args=["serve-favicon","2.0.1"]
58 verbose parsed url { protocol: null,
58 verbose parsed url   slashes: null,
58 verbose parsed url   auth: null,
58 verbose parsed url   host: null,
58 verbose parsed url   port: null,
58 verbose parsed url   hostname: null,
58 verbose parsed url   hash: null,
58 verbose parsed url   search: null,
58 verbose parsed url   query: null,
58 verbose parsed url   pathname: '2.0.1',
58 verbose parsed url   path: '2.0.1',
58 verbose parsed url   href: '2.0.1' }
59 verbose addNamed [ 'serve-favicon', '2.0.1' ]
60 verbose addNamed [ '2.0.1', '2.0.1' ]
61 silly lockFile 16c051ac-consolodate-0-10-0 consolodate@^0.10.0
62 verbose lock consolodate@^0.10.0 C:\Users\iec990420\AppData\Roaming\npm-cache\16c051ac-consolodate-0-10-0.lock
63 silly lockFile 9d0ab29d-errorhandler-1-1-1 errorhandler@1.1.1
64 verbose lock errorhandler@1.1.1 C:\Users\iec990420\AppData\Roaming\npm-cache\9d0ab29d-errorhandler-1-1-1.lock
65 silly lockFile dc0ddff2-express-4-8-1 express@4.8.1
66 verbose lock express@4.8.1 C:\Users\iec990420\AppData\Roaming\npm-cache\dc0ddff2-express-4-8-1.lock
67 silly lockFile 3d6645a0-jade-1-5-0 jade@1.5.0
68 verbose lock jade@1.5.0 C:\Users\iec990420\AppData\Roaming\npm-cache\3d6645a0-jade-1-5-0.lock
69 silly lockFile 85309cdb-morgan-1-2-2 morgan@1.2.2
70 verbose lock morgan@1.2.2 C:\Users\iec990420\AppData\Roaming\npm-cache\85309cdb-morgan-1-2-2.lock
71 silly lockFile 3125c6fd-swing-1-4-2 swing@^1.4.2
72 verbose lock swing@^1.4.2 C:\Users\iec990420\AppData\Roaming\npm-cache\3125c6fd-swing-1-4-2.lock
73 silly lockFile 27d61008-serve-favicon-2-0-1 serve-favicon@2.0.1
74 verbose lock serve-favicon@2.0.1 C:\Users\iec990420\AppData\Roaming\npm-cache\27d61008-serve-favicon-2-0-1.lock
75 silly addNameRange { name: 'consolodate',
75 silly addNameRange   range: '>=0.10.0-0 <0.11.0-0',
75 silly addNameRange   hasData: false }
76 silly addNameRange { name: 'swing', range: '>=1.4.2-0 <2.0.0-0', hasData: false }
77 verbose request where is /consolodate
78 verbose request registry https://registry.npmjs.org/
79 verbose request id 4c87f15038c5abde
80 verbose url raw /consolodate
81 verbose url resolving [ 'https://registry.npmjs.org/', './consolodate' ]
82 verbose url resolved https://registry.npmjs.org/consolodate
83 verbose request where is https://registry.npmjs.org/consolodate
84 info trying registry request attempt 1 at 10:17:09
85 http GET https://registry.npmjs.org/consolodate
86 verbose request where is /morgan
87 verbose request registry https://registry.npmjs.org/
88 verbose url raw /morgan
89 verbose url resolving [ 'https://registry.npmjs.org/', './morgan' ]
90 verbose url resolved https://registry.npmjs.org/morgan
91 verbose request where is https://registry.npmjs.org/morgan
92 info trying registry request attempt 1 at 10:17:09
93 verbose etag "1K9YEBUETVSA9LO1JSULWY06A"
94 http GET https://registry.npmjs.org/morgan
95 verbose request where is /jade
96 verbose request registry https://registry.npmjs.org/
97 verbose url raw /jade
98 verbose url resolving [ 'https://registry.npmjs.org/', './jade' ]
99 verbose url resolved https://registry.npmjs.org/jade
100 verbose request where is https://registry.npmjs.org/jade
101 info trying registry request attempt 1 at 10:17:09
102 verbose etag "4TMWN3450UFUUO931NNN6K096"
103 http GET https://registry.npmjs.org/jade
104 verbose request where is /errorhandler
105 verbose request registry https://registry.npmjs.org/
106 verbose url raw /errorhandler
107 verbose url resolving [ 'https://registry.npmjs.org/', './errorhandler' ]
108 verbose url resolved https://registry.npmjs.org/errorhandler
109 verbose request where is https://registry.npmjs.org/errorhandler
110 info trying registry request attempt 1 at 10:17:09
111 verbose etag "BVW43IRAFJX9UYNCGDK1LDPR2"
112 http GET https://registry.npmjs.org/errorhandler
113 verbose request where is /swing
114 verbose request registry https://registry.npmjs.org/
115 verbose url raw /swing
116 verbose url resolving [ 'https://registry.npmjs.org/', './swing' ]
117 verbose url resolved https://registry.npmjs.org/swing
118 verbose request where is https://registry.npmjs.org/swing
119 info trying registry request attempt 1 at 10:17:09
120 verbose etag "1KJKXZTSORT3EVOH0FG0M3IJK"
121 http GET https://registry.npmjs.org/swing
122 verbose request where is /serve-favicon
123 verbose request registry https://registry.npmjs.org/
124 verbose url raw /serve-favicon
125 verbose url resolving [ 'https://registry.npmjs.org/', './serve-favicon' ]
126 verbose url resolved https://registry.npmjs.org/serve-favicon
127 verbose request where is https://registry.npmjs.org/serve-favicon
128 info trying registry request attempt 1 at 10:17:09
129 verbose etag "57J1WZEFR0J53TPZKI3RKHJ74"
130 http GET https://registry.npmjs.org/serve-favicon
131 verbose request where is /express
132 verbose request registry https://registry.npmjs.org/
133 verbose url raw /express
134 verbose url resolving [ 'https://registry.npmjs.org/', './express' ]
135 verbose url resolved https://registry.npmjs.org/express
136 verbose request where is https://registry.npmjs.org/express
137 info trying registry request attempt 1 at 10:17:09
138 verbose etag "4XKQX7LIGUKQDA1N0QLTOZMJK"
139 http GET https://registry.npmjs.org/express
140 http 304 https://registry.npmjs.org/jade
141 silly registry.get cb [ 304,
141 silly registry.get   { date: 'Thu, 26 Feb 2015 02:17:10 GMT',
141 silly registry.get     server: 'Apache',
141 silly registry.get     via: '1.1 varnish',
141 silly registry.get     'last-modified': 'Thu, 26 Feb 2015 02:17:10 GMT',
141 silly registry.get     'cache-control': 'max-age=60',
141 silly registry.get     etag: '"4TMWN3450UFUUO931NNN6K096"',
141 silly registry.get     age: '0',
141 silly registry.get     'x-served-by': 'cache-sjc3131-SJC',
141 silly registry.get     'x-cache': 'HIT',
141 silly registry.get     'x-cache-hits': '1',
141 silly registry.get     'x-timer': 'S1424917030.214314,VS0,VE34',
141 silly registry.get     vary: 'Accept',
141 silly registry.get     'content-length': '0',
141 silly registry.get     'keep-alive': 'timeout=10, max=50',
141 silly registry.get     connection: 'Keep-Alive' } ]
142 verbose etag https://registry.npmjs.org/jade from cache
143 http 304 https://registry.npmjs.org/errorhandler
144 silly registry.get cb [ 304,
144 silly registry.get   { date: 'Thu, 26 Feb 2015 02:17:10 GMT',
144 silly registry.get     server: 'Apache',
144 silly registry.get     via: '1.1 varnish',
144 silly registry.get     'last-modified': 'Thu, 26 Feb 2015 02:17:10 GMT',
144 silly registry.get     'cache-control': 'max-age=60',
144 silly registry.get     etag: '"BVW43IRAFJX9UYNCGDK1LDPR2"',
144 silly registry.get     age: '45',
144 silly registry.get     'x-served-by': 'cache-sjc3133-SJC',
144 silly registry.get     'x-cache': 'HIT',
144 silly registry.get     'x-cache-hits': '1',
144 silly registry.get     'x-timer': 'S1424917030.251742,VS0,VE0',
144 silly registry.get     vary: 'Accept',
144 silly registry.get     'content-length': '0',
144 silly registry.get     'keep-alive': 'timeout=10, max=50',
144 silly registry.get     connection: 'Keep-Alive' } ]
145 verbose etag https://registry.npmjs.org/errorhandler from cache
146 http 304 https://registry.npmjs.org/morgan
147 silly registry.get cb [ 304,
147 silly registry.get   { date: 'Thu, 26 Feb 2015 02:17:10 GMT',
147 silly registry.get     server: 'Apache',
147 silly registry.get     via: '1.1 varnish',
147 silly registry.get     'last-modified': 'Thu, 26 Feb 2015 01:58:41 GMT',
147 silly registry.get     'cache-control': 'max-age=60',
147 silly registry.get     etag: '"1K9YEBUETVSA9LO1JSULWY06A"',
147 silly registry.get     age: '45',
147 silly registry.get     'x-served-by': 'cache-sjc3131-SJC',
147 silly registry.get     'x-cache': 'HIT',
147 silly registry.get     'x-cache-hits': '91',
147 silly registry.get     'x-timer': 'S1424917030.251532,VS0,VE0',
147 silly registry.get     vary: 'Accept',
147 silly registry.get     'content-length': '0',
147 silly registry.get     'keep-alive': 'timeout=10, max=50',
147 silly registry.get     connection: 'Keep-Alive' } ]
148 verbose etag https://registry.npmjs.org/morgan from cache
149 silly lockFile 9d0ab29d-errorhandler-1-1-1 errorhandler@1.1.1
150 silly lockFile 9d0ab29d-errorhandler-1-1-1 errorhandler@1.1.1
151 silly lockFile 85309cdb-morgan-1-2-2 morgan@1.2.2
152 silly lockFile 85309cdb-morgan-1-2-2 morgan@1.2.2
153 silly lockFile 3d6645a0-jade-1-5-0 jade@1.5.0
154 silly lockFile 3d6645a0-jade-1-5-0 jade@1.5.0
155 http 404 https://registry.npmjs.org/consolodate
156 verbose headers { date: 'Thu, 26 Feb 2015 02:17:10 GMT',
156 verbose headers   server: 'CouchDB/1.5.0 (Erlang OTP/R16B03)',
156 verbose headers   'content-type': 'application/json',
156 verbose headers   'cache-control': 'max-age=0',
156 verbose headers   'content-length': '52',
156 verbose headers   'accept-ranges': 'bytes',
156 verbose headers   via: '1.1 varnish',
156 verbose headers   age: '0',
156 verbose headers   'x-served-by': 'cache-sjc3129-SJC',
156 verbose headers   'x-cache': 'MISS',
156 verbose headers   'x-cache-hits': '0',
156 verbose headers   'x-timer': 'S1424917030.199399,VS0,VE152',
156 verbose headers   'keep-alive': 'timeout=10, max=50',
156 verbose headers   connection: 'Keep-Alive' }
157 silly registry.get cb [ 404,
157 silly registry.get   { date: 'Thu, 26 Feb 2015 02:17:10 GMT',
157 silly registry.get     server: 'CouchDB/1.5.0 (Erlang OTP/R16B03)',
157 silly registry.get     'content-type': 'application/json',
157 silly registry.get     'cache-control': 'max-age=0',
157 silly registry.get     'content-length': '52',
157 silly registry.get     'accept-ranges': 'bytes',
157 silly registry.get     via: '1.1 varnish',
157 silly registry.get     age: '0',
157 silly registry.get     'x-served-by': 'cache-sjc3129-SJC',
157 silly registry.get     'x-cache': 'MISS',
157 silly registry.get     'x-cache-hits': '0',
157 silly registry.get     'x-timer': 'S1424917030.199399,VS0,VE152',
157 silly registry.get     'keep-alive': 'timeout=10, max=50',
157 silly registry.get     connection: 'Keep-Alive' } ]
158 silly lockFile 16c051ac-consolodate-0-10-0 consolodate@^0.10.0
159 silly lockFile 16c051ac-consolodate-0-10-0 consolodate@^0.10.0
160 http 304 https://registry.npmjs.org/serve-favicon
161 silly registry.get cb [ 304,
161 silly registry.get   { date: 'Thu, 26 Feb 2015 02:17:10 GMT',
161 silly registry.get     server: 'Apache',
161 silly registry.get     via: '1.1 varnish',
161 silly registry.get     'last-modified': 'Thu, 26 Feb 2015 02:16:25 GMT',
161 silly registry.get     'cache-control': 'max-age=60',
161 silly registry.get     etag: '"57J1WZEFR0J53TPZKI3RKHJ74"',
161 silly registry.get     age: '45',
161 silly registry.get     'x-served-by': 'cache-sjc3131-SJC',
161 silly registry.get     'x-cache': 'HIT',
161 silly registry.get     'x-cache-hits': '2',
161 silly registry.get     'x-timer': 'S1424917030.408904,VS0,VE0',
161 silly registry.get     vary: 'Accept',
161 silly registry.get     'content-length': '0',
161 silly registry.get     'keep-alive': 'timeout=10, max=49',
161 silly registry.get     connection: 'Keep-Alive' } ]
162 verbose etag https://registry.npmjs.org/serve-favicon from cache
163 http 304 https://registry.npmjs.org/express
164 silly registry.get cb [ 304,
164 silly registry.get   { date: 'Thu, 26 Feb 2015 02:17:10 GMT',
164 silly registry.get     server: 'Apache',
164 silly registry.get     via: '1.1 varnish',
164 silly registry.get     'last-modified': 'Thu, 26 Feb 2015 02:16:57 GMT',
164 silly registry.get     'cache-control': 'max-age=60',
164 silly registry.get     etag: '"4XKQX7LIGUKQDA1N0QLTOZMJK"',
164 silly registry.get     age: '20',
164 silly registry.get     'x-served-by': 'cache-sjc3133-SJC',
164 silly registry.get     'x-cache': 'HIT',
164 silly registry.get     'x-cache-hits': '2',
164 silly registry.get     'x-timer': 'S1424917030.415617,VS0,VE0',
164 silly registry.get     vary: 'Accept',
164 silly registry.get     'content-length': '0',
164 silly registry.get     'keep-alive': 'timeout=10, max=49',
164 silly registry.get     connection: 'Keep-Alive' } ]
165 verbose etag https://registry.npmjs.org/express from cache
166 silly lockFile 27d61008-serve-favicon-2-0-1 serve-favicon@2.0.1
167 silly lockFile 27d61008-serve-favicon-2-0-1 serve-favicon@2.0.1
168 silly lockFile dc0ddff2-express-4-8-1 express@4.8.1
169 silly lockFile dc0ddff2-express-4-8-1 express@4.8.1
170 http 304 https://registry.npmjs.org/swing
171 silly registry.get cb [ 304,
171 silly registry.get   { date: 'Thu, 26 Feb 2015 02:17:10 GMT',
171 silly registry.get     server: 'Apache',
171 silly registry.get     via: '1.1 varnish',
171 silly registry.get     'last-modified': 'Thu, 26 Feb 2015 02:17:10 GMT',
171 silly registry.get     'cache-control': 'max-age=60',
171 silly registry.get     etag: '"1KJKXZTSORT3EVOH0FG0M3IJK"',
171 silly registry.get     age: '0',
171 silly registry.get     'x-served-by': 'cache-sjc3126-SJC',
171 silly registry.get     'x-cache': 'MISS',
171 silly registry.get     'x-cache-hits': '0',
171 silly registry.get     'x-timer': 'S1424917030.223817,VS0,VE353',
171 silly registry.get     vary: 'Accept',
171 silly registry.get     'content-length': '0',
171 silly registry.get     'keep-alive': 'timeout=10, max=50',
171 silly registry.get     connection: 'Keep-Alive' } ]
172 verbose etag https://registry.npmjs.org/swing from cache
173 silly addNameRange number 2 { name: 'swing', range: '>=1.4.2-0 <2.0.0-0', hasData: true }
174 silly addNameRange versions [ 'swing',
174 silly addNameRange   [ '1.0.0',
174 silly addNameRange     '1.0.1',
174 silly addNameRange     '1.0.2',
174 silly addNameRange     '1.0.3',
174 silly addNameRange     '1.0.4',
174 silly addNameRange     '1.0.5',
174 silly addNameRange     '1.0.6',
174 silly addNameRange     '1.0.7',
174 silly addNameRange     '1.0.8',
174 silly addNameRange     '1.0.9',
174 silly addNameRange     '1.0.10',
174 silly addNameRange     '1.0.11',
174 silly addNameRange     '1.0.13',
174 silly addNameRange     '1.0.14',
174 silly addNameRange     '1.1.0',
174 silly addNameRange     '1.1.1',
174 silly addNameRange     '1.1.2',
174 silly addNameRange     '1.1.3' ] ]
175 silly lockFile 3125c6fd-swing-1-4-2 swing@^1.4.2
176 silly lockFile 3125c6fd-swing-1-4-2 swing@^1.4.2
177 error 404 404 Not Found: consolodate
177 error 404
177 error 404 'consolodate' is not in the npm registry.
177 error 404 You should bug the author to publish it
177 error 404 It was specified as a dependency of 'template-app'
177 error 404
177 error 404 Note that you can also install from a
177 error 404 tarball, folder, or http url, or git url.
178 error System Windows_NT 6.1.7601
179 error command "C:\\Program Files\\nodejs\\\\node.exe" "C:\\Program Files\\nodejs\\node_modules\\npm\\bin\\npm-cli.js" "install"
180 error cwd D:\Technical\Node.JS\proexpressjs\ch6
181 error node -v v0.10.33
182 error npm -v 1.4.28
183 error code E404
184 verbose exit [ 1, true ]
